Ion login link:
https://ion.tjhsst.edu/oauth/authorize?response_type=code&client_id=o2DF2GQsQMu5SrMDGBNN3fvHwKedwHG5p07SnGQ6&scope=read&redirect_uri=https%3A%2F%2Fahussain.sites.tjhsst.edu%2Fionauth_login
Express server started
https://ion.tjhsst.edu/api/profile?format=json&access_token=IetV2MbGId4vfbnNWIG3l77SDK8PwF
Raw Info
{
  id: 35129,
  ion_username: '2021ahussain',
  sex: 'Female',
  title: null,
  display_name: 'Aaliya Hussain',
  full_name: 'Aaliya Hussain',
  short_name: 'Aaliya',
  first_name: 'Aaliya',
  middle_name: '',
  last_name: 'Hussain',
  nickname: '',
  tj_email: '2021ahussain@tjhsst.edu',
  emails: [ 'aaliya.amay@gmail.com' ],
  grade: { number: 12, name: 'senior' },
  graduation_year: 2021,
  user_type: 'student',
  phones: [],
  websites: [],
  counselor: {
    id: 165,
    url: 'https://ion.tjhsst.edu/api/profile/165?format=json',
    user_type: 'counselor',
    username: 'kwmcaleer',
    full_name: 'Kacey McAleer',
    first_name: 'Kacey',
    last_name: 'McAleer'
  },
  address: null,
  picture: 'https://ion.tjhsst.edu/api/profile/35129/picture?format=jpg',
  is_eighth_admin: false,
  is_announcements_admin: false,
  is_teacher: false,
  is_student: true,
  absences: 0
}
user landed at page
