Express server started
user landed at page
obj
{ visitCounter: 25 }
obj
{ visitCounter: 1 }
user landed at page
obj
{ visitCounter: 2 }
user landed at page
user landed at page
obj
{ visitCounter: 3 }
obj
{ visitCounter: 1 }
user landed at page
obj
{ visitCounter: 2 }
user landed at page
At 1
1 done
https://api.weather.gov/points/38.8051,-77.0471
*** https://api.weather.gov/points/38.8051,-77.0471
{
    "@context": [
        "https://geojson.org/geojson-ld/geojson-context.jsonld",
        {
            "@version": "1.1",
            "wx": "https://api.weather.gov/ontology#",
            "s": "https://schema.org/",
            "geo": "http://www.opengis.net/ont/geosparql#",
            "unit": "http://codes.wmo.int/common/unit/",
            "@vocab": "https://api.weather.gov/ontology#",
            "geometry": {
                "@id": "s:GeoCoordinates",
                "@type": "geo:wktLiteral"
            },
            "city": "s:addressLocality",
            "state": "s:addressRegion",
            "distance": {
                "@id": "s:Distance",
                "@type": "s:QuantitativeValue"
            },
            "bearing": {
                "@type": "s:QuantitativeValue"
            },
            "value": {
                "@id": "s:value"
            },
            "unitCode": {
                "@id": "s:unitCode",
                "@type": "@id"
            },
            "forecastOffice": {
                "@type": "@id"
            },
            "forecastGridData": {
                "@type": "@id"
            },
            "publicZone": {
                "@type": "@id"
            },
            "county": {
                "@type": "@id"
            }
        }
    ],
    "id": "https://api.weather.gov/points/38.8051,-77.0471",
    "type": "Feature",
    "geometry": {
        "type": "Point",
        "coordinates": [
            -77.0471,
            38.805100000000003
        ]
    },
    "properties": {
        "@id": "https://api.weather.gov/points/38.8051,-77.0471",
        "@type": "wx:Point",
        "cwa": "LWX",
        "forecastOffice": "https://api.weather.gov/offices/LWX",
        "gridId": "LWX",
        "gridX": 96,
        "gridY": 66,
        "forecast": "https://api.weather.gov/gridpoints/LWX/96,66/forecast",
        "forecastHourly": "https://api.weather.gov/gridpoints/LWX/96,66/forecast/hourly",
        "forecastGridData": "https://api.weather.gov/gridpoints/LWX/96,66",
        "observationStations": "https://api.weather.gov/gridpoints/LWX/96,66/stations",
        "relativeLocation": {
            "type": "Feature",
            "geometry": {
                "type": "Point",
                "coordinates": [
                    -77.074307000000005,
                    38.791581999999998
                ]
            },
            "properties": {
                "city": "Huntington",
                "state": "VA",
                "distance": {
                    "value": 2796.1605242874002,
                    "unitCode": "unit:m"
                },
                "bearing": {
                    "value": 57,
                    "unitCode": "unit:degrees_true"
                }
            }
        },
        "forecastZone": "https://api.weather.gov/zones/forecast/VAZ054",
        "county": "https://api.weather.gov/zones/county/VAC510",
        "fireWeatherZone": "https://api.weather.gov/zones/fire/VAZ054",
        "timeZone": "America/New_York",
        "radarStation": "KLWX"
    }
}
At 3
3 done
