Express server started
At 1
1 done
https://api.weather.gov/points/38.8051,-80
*** https://api.weather.gov/points/38.8051,-80
{
    "@context": [
        "https://geojson.org/geojson-ld/geojson-context.jsonld",
        {
            "@version": "1.1",
            "wx": "https://api.weather.gov/ontology#",
            "s": "https://schema.org/",
            "geo": "http://www.opengis.net/ont/geosparql#",
            "unit": "http://codes.wmo.int/common/unit/",
            "@vocab": "https://api.weather.gov/ontology#",
            "geometry": {
                "@id": "s:GeoCoordinates",
                "@type": "geo:wktLiteral"
            },
            "city": "s:addressLocality",
            "state": "s:addressRegion",
            "distance": {
                "@id": "s:Distance",
                "@type": "s:QuantitativeValue"
            },
            "bearing": {
                "@type": "s:QuantitativeValue"
            },
            "value": {
                "@id": "s:value"
            },
            "unitCode": {
                "@id": "s:unitCode",
                "@type": "@id"
            },
            "forecastOffice": {
                "@type": "@id"
            },
            "forecastGridData": {
                "@type": "@id"
            },
            "publicZone": {
                "@type": "@id"
            },
            "county": {
                "@type": "@id"
            }
        }
    ],
    "id": "https://api.weather.gov/points/38.8051,-80",
    "type": "Feature",
    "geometry": {
        "type": "Point",
        "coordinates": [
            -80,
            38.805100000000003
        ]
    },
    "properties": {
        "@id": "https://api.weather.gov/points/38.8051,-80",
        "@type": "wx:Point",
        "cwa": "RLX",
        "forecastOffice": "https://api.weather.gov/offices/RLX",
        "gridId": "RLX",
        "gridX": 117,
        "gridY": 93,
        "forecast": "https://api.weather.gov/gridpoints/RLX/117,93/forecast",
        "forecastHourly": "https://api.weather.gov/gridpoints/RLX/117,93/forecast/hourly",
        "forecastGridData": "https://api.weather.gov/gridpoints/RLX/117,93",
        "observationStations": "https://api.weather.gov/gridpoints/RLX/117,93/stations",
        "relativeLocation": {
            "type": "Feature",
            "geometry": {
                "type": "Point",
                "coordinates": [
                    -79.927942999999999,
                    38.769396
                ]
            },
            "properties": {
                "city": "Valley Bend",
                "state": "WV",
                "distance": {
                    "value": 7400.5194047090999,
                    "unitCode": "unit:m"
                },
                "bearing": {
                    "value": 302,
                    "unitCode": "unit:degrees_true"
                }
            }
        },
        "forecastZone": "https://api.weather.gov/zones/forecast/WVZ525",
        "county": "https://api.weather.gov/zones/county/WVC083",
        "fireWeatherZone": "https://api.weather.gov/zones/fire/WVZ525",
        "timeZone": "America/New_York",
        "radarStation": "KRLX"
    }
}
At 3
3 done
